<?xml version="1.0" encoding="UTF-8"?>
<!-- Generated by org.testng.reporters.JUnitReportReporter -->
<testsuite hostname="MacBook-Air.local" failures="0" tests="1" name="com.orange.hrm.test.LoginTest" time="3.769" errors="0" timestamp="2025-01-12T14:57:03 IST" skipped="0">
  <testcase classname="com.orange.hrm.test.LoginTest" name="loginWithValidUserNameAndValidPassword" time="3.769"/>
  <system-out/>
</testsuite> <!-- com.orange.hrm.test.LoginTest -->
