<?xml version="1.0" encoding="UTF-8"?>
<!-- Generated by org.testng.reporters.JUnitReportReporter -->
<testsuite hostname="MacBook-Air.local" failures="0" tests="4" name="com.test.OrangeHRMTest" time="26.849" errors="0" timestamp="2025-01-11T19:41:53 IST" skipped="0">
  <testcase classname="com.test.OrangeHRMTest" name="loginToApplication" time="12.257"/>
  <system-out/>
  <testcase classname="com.test.OrangeHRMTest" name="testAdmin" time="12.334"/>
  <system-out/>
  <testcase classname="com.test.OrangeHRMTest" name="logout" time="2.160"/>
  <system-out/>
  <testcase classname="com.test.OrangeHRMTest" name="closeBrowser" time="0.098"/>
  <system-out/>
</testsuite> <!-- com.test.OrangeHRMTest -->
