<?xml version="1.0" encoding="UTF-8"?>
<!-- Generated by org.testng.reporters.JUnitReportReporter -->
<testsuite hostname="MacBook-Air.local" failures="0" tests="1" name="com.orange.hrm.test.HomePageTest" time="16.103" errors="0" timestamp="2025-01-12T14:57:03 IST" skipped="0">
  <testcase classname="com.orange.hrm.test.HomePageTest" name="logout" time="16.103"/>
  <system-out/>
</testsuite> <!-- com.orange.hrm.test.HomePageTest -->
