<?xml version="1.0" encoding="UTF-8"?>
<!-- Generated by org.testng.reporters.JUnitReportReporter -->
<testsuite hostname="MacBook-Air.local" failures="0" tests="4" name="com.test.OrangeHRMTestSauce" time="17.283" errors="0" timestamp="2025-01-11T21:03:40 IST" skipped="0">
  <testcase classname="com.test.OrangeHRMTestSauce" name="loginToApplication" time="12.784"/>
  <system-out/>
  <testcase classname="com.test.OrangeHRMTestSauce" name="testAdmin" time="2.235"/>
  <system-out/>
  <testcase classname="com.test.OrangeHRMTestSauce" name="logout" time="1.936"/>
  <system-out/>
  <testcase classname="com.test.OrangeHRMTestSauce" name="closeBrowser" time="0.328"/>
  <system-out/>
</testsuite> <!-- com.test.OrangeHRMTestSauce -->
