<?xml version="1.0" encoding="UTF-8"?>
<!-- Generated by org.testng.reporters.JUnitReportReporter -->
<testsuite hostname="MacBook-Air.local" failures="0" tests="4" name="com.test.OrangeHRMTest" time="27.249" errors="0" timestamp="2025-01-11T20:22:06 IST" skipped="0">
  <testcase classname="com.test.OrangeHRMTest" name="loginToApplication" time="11.897"/>
  <testcase classname="com.test.OrangeHRMTest" name="testAdmin" time="13.010"/>
  <testcase classname="com.test.OrangeHRMTest" name="logout" time="2.242"/>
  <testcase classname="com.test.OrangeHRMTest" name="closeBrowser" time="0.100"/>
</testsuite> <!-- com.test.OrangeHRMTest -->
